{"/home/awe/gin/lib/featureman.js": {"path":"/home/awe/gin/lib/featureman.js","statementMap":{"1":{"start":{"line":3,"column":9},"end":{"line":3,"column":28}},"2":{"start":{"line":4,"column":11},"end":{"line":4,"column":26}},"3":{"start":{"line":16,"column":2},"end":{"line":18,"column":3}},"4":{"start":{"line":17,"column":4},"end":{"line":17,"column":14}},"5":{"start":{"line":19,"column":20},"end":{"line":19,"column":88}},"6":{"start":{"line":20,"column":2},"end":{"line":20,"column":21}},"7":{"start":{"line":29,"column":17},"end":{"line":29,"column":19}},"8":{"start":{"line":30,"column":20},"end":{"line":30,"column":36}},"9":{"start":{"line":31,"column":2},"end":{"line":34,"column":5}},"10":{"start":{"line":33,"column":4},"end":{"line":33,"column":33}},"11":{"start":{"line":35,"column":2},"end":{"line":35,"column":18}},"12":{"start":{"line":38,"column":0},"end":{"line":41,"column":2}}},"fnMap":{"1":{"name":"getFeatureList","decl":{"start":{"line":15,"column":9},"end":{"line":15,"column":23}},"loc":{"start":{"line":15,"column":26},"end":{"line":21,"column":1}}},"2":{"name":"getFeatures","decl":{"start":{"line":28,"column":9},"end":{"line":28,"column":20}},"loc":{"start":{"line":28,"column":23},"end":{"line":36,"column":1}}},"3":{"name":"(anonymous_3)","decl":{"start":{"line":31,"column":22},"end":{"line":31,"column":23}},"loc":{"start":{"line":31,"column":38},"end":{"line":34,"column":3}}}},"branchMap":{"1":{"loc":{"start":{"line":16,"column":2},"end":{"line":18,"column":3}},"type":"if","locations":[{"start":{"line":16,"column":2},"end":{"line":18,"column":3}},{"start":{"line":16,"column":2},"end":{"line":18,"column":3}}]}},"s":{"1":3,"2":3,"3":9,"4":3,"5":6,"6":6,"7":7,"8":7,"9":7,"10":5,"11":7,"12":3},"f":{"1":9,"2":7,"3":5},"b":{"1":[3,6]},"hash":"7179a4b88602793bedea5fe13c2f70275a4b0c96"}
,"/home/awe/gin/lib/tasks.js": {"path":"/home/awe/gin/lib/tasks.js","statementMap":{"1":{"start":{"line":3,"column":35},"end":{"line":3,"column":193}},"2":{"start":{"line":3,"column":61},"end":{"line":3,"column":145}},"3":{"start":{"line":3,"column":126},"end":{"line":3,"column":143}},"4":{"start":{"line":3,"column":146},"end":{"line":3,"column":158}},"5":{"start":{"line":3,"column":168},"end":{"line":3,"column":191}},"6":{"start":{"line":5,"column":11},"end":{"line":5,"column":26}},"7":{"start":{"line":6,"column":9},"end":{"line":6,"column":28}},"8":{"start":{"line":7,"column":15},"end":{"line":7,"column":34}},"9":{"start":{"line":8,"column":14},"end":{"line":8,"column":33}},"10":{"start":{"line":9,"column":18},"end":{"line":9,"column":53}},"11":{"start":{"line":11,"column":15},"end":{"line":11,"column":47}},"12":{"start":{"line":12,"column":19},"end":{"line":12,"column":56}},"13":{"start":{"line":17,"column":12},"end":{"line":101,"column":1}},"14":{"start":{"line":25,"column":4},"end":{"line":27,"column":5}},"15":{"start":{"line":26,"column":6},"end":{"line":26,"column":49}},"16":{"start":{"line":28,"column":22},"end":{"line":28,"column":85}},"17":{"start":{"line":29,"column":4},"end":{"line":31,"column":5}},"18":{"start":{"line":30,"column":6},"end":{"line":30,"column":49}},"19":{"start":{"line":32,"column":4},"end":{"line":32,"column":61}},"20":{"start":{"line":41,"column":4},"end":{"line":43,"column":5}},"21":{"start":{"line":42,"column":6},"end":{"line":42,"column":49}},"22":{"start":{"line":44,"column":22},"end":{"line":44,"column":85}},"23":{"start":{"line":45,"column":4},"end":{"line":47,"column":5}},"24":{"start":{"line":46,"column":6},"end":{"line":46,"column":53}},"25":{"start":{"line":48,"column":4},"end":{"line":48,"column":61}},"26":{"start":{"line":49,"column":4},"end":{"line":49,"column":59}},"27":{"start":{"line":50,"column":19},"end":{"line":50,"column":126}},"28":{"start":{"line":51,"column":4},"end":{"line":51,"column":67}},"29":{"start":{"line":52,"column":4},"end":{"line":52,"column":49}},"30":{"start":{"line":53,"column":4},"end":{"line":53,"column":42}},"31":{"start":{"line":54,"column":4},"end":{"line":54,"column":26}},"32":{"start":{"line":63,"column":28},"end":{"line":63,"column":58}},"33":{"start":{"line":64,"column":4},"end":{"line":64,"column":52}},"34":{"start":{"line":65,"column":4},"end":{"line":67,"column":5}},"35":{"start":{"line":66,"column":6},"end":{"line":66,"column":45}},"36":{"start":{"line":68,"column":4},"end":{"line":68,"column":36}},"37":{"start":{"line":69,"column":4},"end":{"line":69,"column":59}},"38":{"start":{"line":70,"column":4},"end":{"line":70,"column":59}},"39":{"start":{"line":71,"column":4},"end":{"line":71,"column":31}},"40":{"start":{"line":72,"column":4},"end":{"line":72,"column":35}},"41":{"start":{"line":80,"column":4},"end":{"line":80,"column":30}},"42":{"start":{"line":88,"column":4},"end":{"line":88,"column":45}},"43":{"start":{"line":91,"column":4},"end":{"line":93,"column":5}},"44":{"start":{"line":92,"column":6},"end":{"line":92,"column":45}},"45":{"start":{"line":94,"column":20},"end":{"line":94,"column":42}},"46":{"start":{"line":96,"column":21},"end":{"line":96,"column":107}},"47":{"start":{"line":97,"column":4},"end":{"line":99,"column":58}},"48":{"start":{"line":104,"column":15},"end":{"line":104,"column":28}},"49":{"start":{"line":105,"column":15},"end":{"line":105,"column":17}},"50":{"start":{"line":106,"column":0},"end":{"line":110,"column":3}},"51":{"start":{"line":107,"column":2},"end":{"line":109,"column":3}},"52":{"start":{"line":108,"column":4},"end":{"line":108,"column":45}},"53":{"start":{"line":113,"column":0},"end":{"line":113,"column":81}}},"fnMap":{"1":{"name":"_toConsumableArray","decl":{"start":{"line":3,"column":9},"end":{"line":3,"column":27}},"loc":{"start":{"line":3,"column":33},"end":{"line":3,"column":195}}},"2":{"name":"createFeature","decl":{"start":{"line":24,"column":26},"end":{"line":24,"column":39}},"loc":{"start":{"line":24,"column":53},"end":{"line":33,"column":3}}},"3":{"name":"createProduct","decl":{"start":{"line":40,"column":26},"end":{"line":40,"column":39}},"loc":{"start":{"line":40,"column":53},"end":{"line":55,"column":3}}},"4":{"name":"createProductLine","decl":{"start":{"line":62,"column":30},"end":{"line":62,"column":47}},"loc":{"start":{"line":62,"column":54},"end":{"line":73,"column":3}}},"5":{"name":"help","decl":{"start":{"line":79,"column":17},"end":{"line":79,"column":21}},"loc":{"start":{"line":79,"column":24},"end":{"line":81,"column":3}}},"6":{"name":"showProduct","decl":{"start":{"line":87,"column":24},"end":{"line":87,"column":35}},"loc":{"start":{"line":87,"column":38},"end":{"line":89,"column":3}}},"7":{"name":"updateContext","decl":{"start":{"line":90,"column":26},"end":{"line":90,"column":39}},"loc":{"start":{"line":90,"column":42},"end":{"line":100,"column":3}}},"8":{"name":"(anonymous_8)","decl":{"start":{"line":106,"column":17},"end":{"line":106,"column":18}},"loc":{"start":{"line":106,"column":36},"end":{"line":110,"column":1}}}},"branchMap":{"1":{"loc":{"start":{"line":3,"column":35},"end":{"line":3,"column":193}},"type":"if","locations":[{"start":{"line":3,"column":35},"end":{"line":3,"column":193}},{"start":{"line":3,"column":35},"end":{"line":3,"column":193}}]},"2":{"loc":{"start":{"line":25,"column":4},"end":{"line":27,"column":5}},"type":"if","locations":[{"start":{"line":25,"column":4},"end":{"line":27,"column":5}},{"start":{"line":25,"column":4},"end":{"line":27,"column":5}}]},"3":{"loc":{"start":{"line":29,"column":4},"end":{"line":31,"column":5}},"type":"if","locations":[{"start":{"line":29,"column":4},"end":{"line":31,"column":5}},{"start":{"line":29,"column":4},"end":{"line":31,"column":5}}]},"4":{"loc":{"start":{"line":41,"column":4},"end":{"line":43,"column":5}},"type":"if","locations":[{"start":{"line":41,"column":4},"end":{"line":43,"column":5}},{"start":{"line":41,"column":4},"end":{"line":43,"column":5}}]},"5":{"loc":{"start":{"line":45,"column":4},"end":{"line":47,"column":5}},"type":"if","locations":[{"start":{"line":45,"column":4},"end":{"line":47,"column":5}},{"start":{"line":45,"column":4},"end":{"line":47,"column":5}}]},"6":{"loc":{"start":{"line":65,"column":4},"end":{"line":67,"column":5}},"type":"if","locations":[{"start":{"line":65,"column":4},"end":{"line":67,"column":5}},{"start":{"line":65,"column":4},"end":{"line":67,"column":5}}]},"7":{"loc":{"start":{"line":91,"column":4},"end":{"line":93,"column":5}},"type":"if","locations":[{"start":{"line":91,"column":4},"end":{"line":93,"column":5}},{"start":{"line":91,"column":4},"end":{"line":93,"column":5}}]},"8":{"loc":{"start":{"line":107,"column":2},"end":{"line":109,"column":3}},"type":"if","locations":[{"start":{"line":107,"column":2},"end":{"line":109,"column":3}},{"start":{"line":107,"column":2},"end":{"line":109,"column":3}}]}},"s":{"1":3,"2":3,"3":1,"4":3,"5":0,"6":3,"7":3,"8":3,"9":3,"10":3,"11":3,"12":3,"13":3,"14":2,"15":0,"16":2,"17":2,"18":0,"19":2,"20":2,"21":0,"22":2,"23":2,"24":0,"25":2,"26":2,"27":2,"28":2,"29":2,"30":2,"31":2,"32":2,"33":2,"34":2,"35":0,"36":2,"37":2,"38":2,"39":2,"40":2,"41":0,"42":0,"43":2,"44":0,"45":2,"46":2,"47":2,"48":3,"49":3,"50":3,"51":1,"52":1,"53":3},"f":{"1":3,"2":2,"3":2,"4":2,"5":0,"6":0,"7":2,"8":1},"b":{"1":[3,0],"2":[0,2],"3":[0,2],"4":[0,2],"5":[0,2],"6":[0,2],"7":[0,2],"8":[1,0]},"hash":"6adff8e027c18c532edb3c50022664992330270d"}
}
