TN:
SF:/home/awe/gin/lib/context.js
FNF:0
FNH:0
DA:3,1
DA:4,1
DA:6,1
DA:7,0
DA:11,1
DA:12,1
DA:14,0
LF:7
LH:5
BRDA:6,1,0,0
BRDA:6,1,1,1
BRF:2
BRH:1
end_of_record
TN:
SF:/home/awe/gin/lib/featureman.js
FN:15,getFeatureList
FN:28,getFeatures
FN:31,(anonymous_3)
FNF:3
FNH:3
FNDA:4,getFeatureList
FNDA:4,getFeatures
FNDA:3,(anonymous_3)
DA:3,1
DA:4,1
DA:16,4
DA:17,1
DA:19,3
DA:20,3
DA:29,4
DA:30,4
DA:31,4
DA:33,3
DA:35,4
DA:38,1
LF:12
LH:12
BRDA:16,1,0,1
BRDA:16,1,1,3
BRF:2
BRH:2
end_of_record
TN:
SF:/home/awe/gin/lib/functions.js
FN:3,_toConsumableArray
FN:17,deriveProduct
FN:30,getContextTemplate
FN:38,(anonymous_4)
FNF:4
FNH:4
FNDA:2,_toConsumableArray
FNDA:2,deriveProduct
FNDA:2,getContextTemplate
FNDA:2,(anonymous_4)
DA:3,2
DA:5,2
DA:6,2
DA:11,2
DA:18,2
DA:19,2
DA:21,2
DA:22,0
DA:25,2
DA:27,2
DA:28,2
DA:31,2
DA:36,2
DA:37,2
DA:38,2
DA:39,2
DA:40,2
DA:45,2
LF:18
LH:17
BRDA:3,1,0,2
BRDA:3,1,1,0
BRDA:21,2,0,0
BRDA:21,2,1,2
BRDA:39,3,0,2
BRDA:39,3,1,0
BRF:6
BRH:3
end_of_record
TN:
SF:/home/awe/gin/lib/product.js
FNF:0
FNH:0
DA:9,1
DA:10,1
DA:12,1
DA:14,1
DA:17,1
LF:5
LH:5
BRF:0
BRH:0
end_of_record
TN:
SF:/home/awe/gin/lib/tasks.js
FN:3,_toConsumableArray
FN:24,createFeature
FN:40,createProduct
FN:62,createProductLine
FN:83,help
FN:91,showProduct
FN:94,updateContext
FN:112,(anonymous_8)
FNF:8
FNH:5
FNDA:1,_toConsumableArray
FNDA:2,createFeature
FNDA:2,createProduct
FNDA:2,createProductLine
FNDA:0,help
FNDA:0,showProduct
FNDA:2,updateContext
FNDA:0,(anonymous_8)
DA:3,1
DA:5,1
DA:6,1
DA:7,1
DA:8,1
DA:9,1
DA:11,1
DA:12,1
DA:17,1
DA:25,2
DA:26,0
DA:28,2
DA:29,2
DA:30,0
DA:32,2
DA:41,2
DA:42,0
DA:44,2
DA:45,2
DA:46,0
DA:48,2
DA:49,2
DA:50,2
DA:51,2
DA:52,2
DA:53,2
DA:54,2
DA:63,2
DA:64,2
DA:65,2
DA:66,2
DA:68,2
DA:69,2
DA:70,0
DA:72,2
DA:73,2
DA:74,2
DA:75,2
DA:76,2
DA:84,0
DA:92,0
DA:95,2
DA:96,0
DA:98,2
DA:100,2
DA:103,2
DA:110,1
DA:111,1
DA:112,1
DA:113,0
DA:114,0
DA:119,1
LF:52
LH:42
BRDA:3,1,0,1
BRDA:3,1,1,0
BRDA:25,2,0,0
BRDA:25,2,1,2
BRDA:29,3,0,0
BRDA:29,3,1,2
BRDA:41,4,0,0
BRDA:41,4,1,2
BRDA:45,5,0,0
BRDA:45,5,1,2
BRDA:69,6,0,0
BRDA:69,6,1,2
BRDA:95,7,0,0
BRDA:95,7,1,2
BRDA:113,8,0,0
BRDA:113,8,1,0
BRF:16
BRH:7
end_of_record
