TN:
SF:/home/awe/ginjs/lib/featureman.js
FN:15,getFeatureList
FN:28,getFeatures
FN:31,(anonymous_3)
FNF:3
FNH:2
FNDA:1,getFeatureList
FNDA:1,getFeatures
FNDA:0,(anonymous_3)
DA:3,1
DA:4,1
DA:16,1
DA:17,1
DA:19,0
DA:20,0
DA:29,1
DA:30,1
DA:31,1
DA:33,0
DA:35,1
DA:38,1
LF:12
LH:9
BRDA:16,1,0,1
BRDA:16,1,1,0
BRF:2
BRH:1
end_of_record
TN:
SF:/home/awe/ginjs/lib/tasks.js
FN:3,_toConsumableArray
FN:24,createFeature
FN:40,createProduct
FN:62,createProductLine
FN:86,help
FN:94,showProduct
FN:97,updateContext
FN:115,(anonymous_8)
FNF:8
FNH:2
FNDA:1,_toConsumableArray
FNDA:0,createFeature
FNDA:0,createProduct
FNDA:3,createProductLine
FNDA:0,help
FNDA:0,showProduct
FNDA:0,updateContext
FNDA:0,(anonymous_8)
DA:3,1
DA:5,1
DA:6,1
DA:7,1
DA:8,1
DA:9,1
DA:11,1
DA:12,1
DA:17,1
DA:25,0
DA:26,0
DA:28,0
DA:29,0
DA:30,0
DA:32,0
DA:41,0
DA:42,0
DA:44,0
DA:45,0
DA:46,0
DA:48,0
DA:49,0
DA:50,0
DA:51,0
DA:52,0
DA:53,0
DA:54,0
DA:63,3
DA:64,3
DA:66,3
DA:68,3
DA:71,3
DA:72,3
DA:73,3
DA:75,0
DA:76,0
DA:77,0
DA:78,0
DA:79,0
DA:87,0
DA:95,0
DA:98,0
DA:99,0
DA:101,0
DA:103,0
DA:106,0
DA:113,1
DA:114,1
DA:115,1
DA:116,0
DA:117,0
DA:122,1
LF:52
LH:20
BRDA:3,1,0,1
BRDA:3,1,1,0
BRDA:25,2,0,0
BRDA:25,2,1,0
BRDA:29,3,0,0
BRDA:29,3,1,0
BRDA:41,4,0,0
BRDA:41,4,1,0
BRDA:45,5,0,0
BRDA:45,5,1,0
BRDA:72,6,0,3
BRDA:72,6,1,0
BRDA:98,7,0,0
BRDA:98,7,1,0
BRDA:116,8,0,0
BRDA:116,8,1,0
BRF:16
BRH:2
end_of_record
